Globbing /workspaces/prisma-limit-repro/.next/server/chunks/**/*
Globbing /workspaces/prisma-limit-repro/node_modules/@prisma/client/**/*
Skipping asset emission of /tmp/capacitor-*.tmp for /workspaces/prisma-limit-repro/node_modules/fs-capacitor/lib/index.js as it is outside the package base /workspaces/prisma-limit-repro/node_modules/fs-capacitor
Globbing /workspaces/prisma-limit-repro/node_modules/@prisma/client/**/*
Globbing /workspaces/prisma-limit-repro/node_modules/@prisma/client/**/*
Skipping asset emission of /workspaces/prisma-limit-repro/*/package.json for /workspaces/prisma-limit-repro/node_modules/@prisma/client/generator-build/index.js as it is outside the package base /workspaces/prisma-limit-repro/node_modules/@prisma/client
Skipping asset emission of /workspaces/prisma-limit-repro/*/package.json for /workspaces/prisma-limit-repro/node_modules/@prisma/client/generator-build/index.js as it is outside the package base /workspaces/prisma-limit-repro/node_modules/@prisma/client
Skipping asset emission of /workspaces/prisma-limit-repro/*/package.json for /workspaces/prisma-limit-repro/node_modules/@prisma/client/generator-build/index.js as it is outside the package base /workspaces/prisma-limit-repro/node_modules/@prisma/client
Skipping asset emission of /workspaces/prisma-limit-repro/*/package.json for /workspaces/prisma-limit-repro/node_modules/@prisma/client/generator-build/index.js as it is outside the package base /workspaces/prisma-limit-repro/node_modules/@prisma/client
Skipping asset emission of /workspaces/prisma-limit-repro/*/yarn.lock for /workspaces/prisma-limit-repro/node_modules/@prisma/client/generator-build/index.js as it is outside the package base /workspaces/prisma-limit-repro/node_modules/@prisma/client
Globbing /workspaces/prisma-limit-repro/node_modules/@prisma/client/runtime/**/*
Globbing /workspaces/prisma-limit-repro/node_modules/.prisma/client/**/*
Skipping asset emission of /tmp for /workspaces/prisma-limit-repro/node_modules/fs-jetpack/lib/tmp_dir.js as it is outside the package base /workspaces/prisma-limit-repro/node_modules/fs-jetpack
Globbing /workspaces/prisma-limit-repro/node_modules/@prisma/client/runtime/**/*
Globbing /workspaces/prisma-limit-repro/node_modules/.prisma/client/**/*
Globbing /workspaces/prisma-limit-repro/node_modules/.prisma/client/**/*
Skipping asset emission of /workspaces/prisma-limit-repro/*/package.json for /workspaces/prisma-limit-repro/node_modules/prisma/build/index.js as it is outside the package base /workspaces/prisma-limit-repro/node_modules/prisma
Skipping asset emission of /workspaces/prisma-limit-repro/*/package.json for /workspaces/prisma-limit-repro/node_modules/prisma/build/index.js as it is outside the package base /workspaces/prisma-limit-repro/node_modules/prisma
Skipping asset emission of /workspaces/prisma-limit-repro/*/package.json for /workspaces/prisma-limit-repro/node_modules/prisma/build/index.js as it is outside the package base /workspaces/prisma-limit-repro/node_modules/prisma
Skipping asset emission of /workspaces/prisma-limit-repro/*/package.json for /workspaces/prisma-limit-repro/node_modules/prisma/build/index.js as it is outside the package base /workspaces/prisma-limit-repro/node_modules/prisma
Skipping asset emission of /workspaces/prisma-limit-repro/*/yarn.lock for /workspaces/prisma-limit-repro/node_modules/prisma/build/index.js as it is outside the package base /workspaces/prisma-limit-repro/node_modules/prisma
Skipping asset emission of /mnt for /workspaces/prisma-limit-repro/node_modules/prisma/build/index.js as it is outside the package base /workspaces/prisma-limit-repro/node_modules/prisma
Skipping asset emission of /mnt for /workspaces/prisma-limit-repro/node_modules/prisma/build/index.js as it is outside the package base /workspaces/prisma-limit-repro/node_modules/prisma
Skipping asset emission of /home/codespace for /workspaces/prisma-limit-repro/node_modules/prisma/build/index.js as it is outside the package base /workspaces/prisma-limit-repro/node_modules/prisma
Skipping asset emission of /home/codespace for /workspaces/prisma-limit-repro/node_modules/prisma/build/index.js as it is outside the package base /workspaces/prisma-limit-repro/node_modules/prisma
Globbing /workspaces/prisma-limit-repro/node_modules/@prisma/engines/**/*
Globbing /workspaces/prisma-limit-repro/node_modules/@prisma/engines/**/*
FILELIST:
.next/server/pages/api/graphql.js
.next/server/webpack-runtime.js
generated/nexus-typegen.ts
generated/schema.graphql
generated/typegen-nexus-plugin-prisma.d.ts
graphql/context.ts
node_modules/.prisma/client/index-browser.js
node_modules/.prisma/client/index.d.ts
node_modules/.prisma/client/index.js
node_modules/.prisma/client/package.json
node_modules/.prisma/client/query-engine-debian-openssl-1.1.x
node_modules/.prisma/client/schema.prisma
node_modules/@apollo/protobufjs/minimal.js
node_modules/@apollo/protobufjs/package.json
node_modules/@apollo/protobufjs/src/index-minimal.js
node_modules/@apollo/protobufjs/src/reader.js
node_modules/@apollo/protobufjs/src/reader_buffer.js
node_modules/@apollo/protobufjs/src/roots.js
node_modules/@apollo/protobufjs/src/rpc.js
node_modules/@apollo/protobufjs/src/rpc/service.js
node_modules/@apollo/protobufjs/src/util/longbits.js
node_modules/@apollo/protobufjs/src/util/minimal.js
node_modules/@apollo/protobufjs/src/writer.js
node_modules/@apollo/protobufjs/src/writer_buffer.js
node_modules/@apollographql/apollo-tools/lib/buildServiceDefinition.js
node_modules/@apollographql/apollo-tools/lib/index.js
node_modules/@apollographql/apollo-tools/lib/schema/index.js
node_modules/@apollographql/apollo-tools/lib/schema/resolveObject.js
node_modules/@apollographql/apollo-tools/lib/schema/resolverMap.js
node_modules/@apollographql/apollo-tools/lib/utilities/graphql.js
node_modules/@apollographql/apollo-tools/lib/utilities/index.js
node_modules/@apollographql/apollo-tools/lib/utilities/invariant.js
node_modules/@apollographql/apollo-tools/lib/utilities/predicates.js
node_modules/@apollographql/apollo-tools/package.json
node_modules/@apollographql/graphql-playground-html/dist/get-loading-markup.js
node_modules/@apollographql/graphql-playground-html/dist/index.js
node_modules/@apollographql/graphql-playground-html/dist/render-playground-page.js
node_modules/@apollographql/graphql-playground-html/package.json
node_modules/@apollographql/graphql-upload-8-fork/lib/GraphQLUpload.js
node_modules/@apollographql/graphql-upload-8-fork/lib/constants.js
node_modules/@apollographql/graphql-upload-8-fork/lib/graphqlUploadExpress.js
node_modules/@apollographql/graphql-upload-8-fork/lib/graphqlUploadKoa.js
node_modules/@apollographql/graphql-upload-8-fork/lib/ignoreStream.js
node_modules/@apollographql/graphql-upload-8-fork/lib/index.js
node_modules/@apollographql/graphql-upload-8-fork/lib/isEnumerableObject.js
node_modules/@apollographql/graphql-upload-8-fork/lib/processRequest.js
node_modules/@apollographql/graphql-upload-8-fork/package.json
node_modules/@josephg/resolvable/index.js
node_modules/@josephg/resolvable/package.json
node_modules/@prisma/client/generator-build/index.js
node_modules/@prisma/client/index-browser.js
node_modules/@prisma/client/index.d.ts
node_modules/@prisma/client/index.js
node_modules/@prisma/client/package.json
node_modules/@prisma/client/runtime/index-browser.d.ts
node_modules/@prisma/client/runtime/index-browser.js
node_modules/@prisma/client/runtime/index.d.ts
node_modules/@prisma/client/runtime/index.js
node_modules/@prisma/client/scripts/backup-index-browser.js
node_modules/@prisma/client/scripts/backup-index.d.ts
node_modules/@prisma/client/scripts/backup-index.js
node_modules/@prisma/client/scripts/colors.js
node_modules/@prisma/client/scripts/default-index-browser.js
node_modules/@prisma/client/scripts/default-index.d.ts
node_modules/@prisma/client/scripts/default-index.js
node_modules/@prisma/client/scripts/get-packed-client.js
node_modules/@prisma/client/scripts/mock-fs.js
node_modules/@prisma/client/scripts/postinstall.d.ts
node_modules/@prisma/client/scripts/postinstall.js
node_modules/@prisma/engines-version/index.js
node_modules/@prisma/engines-version/package.json
node_modules/@prisma/engines/dist/download.d.ts
node_modules/@prisma/engines/dist/download.js
node_modules/@prisma/engines/dist/download.js.map
node_modules/@prisma/engines/dist/index.d.ts
node_modules/@prisma/engines/dist/index.js
node_modules/@prisma/engines/dist/index.js.map
node_modules/@prisma/engines/download/index.js
node_modules/@prisma/engines/download/index.js.map
node_modules/@prisma/engines/introspection-engine-debian-openssl-1.1.x
node_modules/@prisma/engines/migration-engine-debian-openssl-1.1.x
node_modules/@prisma/engines/package.json
node_modules/@prisma/engines/prisma-fmt-debian-openssl-1.1.x
node_modules/@prisma/engines/query-engine-debian-openssl-1.1.x
node_modules/@protobufjs/aspromise/index.js
node_modules/@protobufjs/aspromise/package.json
node_modules/@protobufjs/base64/index.js
node_modules/@protobufjs/base64/package.json
node_modules/@protobufjs/eventemitter/index.js
node_modules/@protobufjs/eventemitter/package.json
node_modules/@protobufjs/float/index.js
node_modules/@protobufjs/float/package.json
node_modules/@protobufjs/inquire/index.js
node_modules/@protobufjs/inquire/package.json
node_modules/@protobufjs/pool/index.js
node_modules/@protobufjs/pool/package.json
node_modules/@protobufjs/utf8/index.js
node_modules/@protobufjs/utf8/package.json
node_modules/@wry/equality/lib/equality.js
node_modules/@wry/equality/package.json
node_modules/accept/lib/charset.js
node_modules/accept/lib/encoding.js
node_modules/accept/lib/index.js
node_modules/accept/lib/language.js
node_modules/accept/lib/mediatype.js
node_modules/accept/package.json
node_modules/apollo-cache-control/dist/index.js
node_modules/apollo-cache-control/package.json
node_modules/apollo-env/lib/fetch/fetch.js
node_modules/apollo-env/lib/fetch/index.js
node_modules/apollo-env/lib/fetch/url.js
node_modules/apollo-env/lib/index.js
node_modules/apollo-env/lib/polyfills/array.js
node_modules/apollo-env/lib/polyfills/index.js
node_modules/apollo-env/lib/polyfills/object.js
node_modules/apollo-env/lib/typescript-utility-types.js
node_modules/apollo-env/package.json
node_modules/apollo-graphql/lib/index.js
node_modules/apollo-graphql/lib/operationId.js
node_modules/apollo-graphql/lib/schema/GraphQLSchemaValidationError.js
node_modules/apollo-graphql/lib/schema/buildSchemaFromSDL.js
node_modules/apollo-graphql/lib/schema/index.js
node_modules/apollo-graphql/lib/schema/resolveObject.js
node_modules/apollo-graphql/lib/schema/resolverMap.js
node_modules/apollo-graphql/lib/schema/transformSchema.js
node_modules/apollo-graphql/lib/transforms.js
node_modules/apollo-graphql/lib/utilities/createHash.js
node_modules/apollo-graphql/lib/utilities/graphql.js
node_modules/apollo-graphql/lib/utilities/isNodeLike.js
node_modules/apollo-graphql/lib/utilities/mapValues.js
node_modules/apollo-graphql/package.json
node_modules/apollo-link/lib/index.js
node_modules/apollo-link/lib/link.js
node_modules/apollo-link/lib/linkUtils.js
node_modules/apollo-link/node_modules/tslib/package.json
node_modules/apollo-link/node_modules/tslib/tslib.js
node_modules/apollo-link/package.json
node_modules/apollo-reporting-protobuf/dist/index.js
node_modules/apollo-reporting-protobuf/dist/protobuf.js
node_modules/apollo-reporting-protobuf/package.json
node_modules/apollo-server-caching/dist/InMemoryLRUCache.js
node_modules/apollo-server-caching/dist/PrefixingKeyValueCache.js
node_modules/apollo-server-caching/dist/index.js
node_modules/apollo-server-caching/package.json
node_modules/apollo-server-core/dist/ApolloServer.js
node_modules/apollo-server-core/dist/determineApolloConfig.js
node_modules/apollo-server-core/dist/graphqlOptions.js
node_modules/apollo-server-core/dist/index.js
node_modules/apollo-server-core/dist/nodeHttpToRequest.js
node_modules/apollo-server-core/dist/playground.js
node_modules/apollo-server-core/dist/plugin/index.js
node_modules/apollo-server-core/dist/plugin/inlineTrace/index.js
node_modules/apollo-server-core/dist/plugin/internalPlugin.js
node_modules/apollo-server-core/dist/plugin/schemaIsFederated.js
node_modules/apollo-server-core/dist/plugin/schemaReporting/index.js
node_modules/apollo-server-core/dist/plugin/schemaReporting/schemaReporter.js
node_modules/apollo-server-core/dist/plugin/traceTreeBuilder.js
node_modules/apollo-server-core/dist/plugin/usageReporting/defaultSendOperationsAsTrace.js
node_modules/apollo-server-core/dist/plugin/usageReporting/durationHistogram.js
node_modules/apollo-server-core/dist/plugin/usageReporting/index.js
node_modules/apollo-server-core/dist/plugin/usageReporting/iterateOverTrace.js
node_modules/apollo-server-core/dist/plugin/usageReporting/legacyOptions.js
node_modules/apollo-server-core/dist/plugin/usageReporting/plugin.js
node_modules/apollo-server-core/dist/plugin/usageReporting/signatureCache.js
node_modules/apollo-server-core/dist/plugin/usageReporting/stats.js
node_modules/apollo-server-core/dist/plugin/usageReporting/traceDetails.js
node_modules/apollo-server-core/dist/processFileUploads.js
node_modules/apollo-server-core/dist/requestPipeline.js
node_modules/apollo-server-core/dist/requestPipelineAPI.js
node_modules/apollo-server-core/dist/runHttpQuery.js
node_modules/apollo-server-core/dist/types.js
node_modules/apollo-server-core/dist/utils/createSHA.js
node_modules/apollo-server-core/dist/utils/dispatcher.js
node_modules/apollo-server-core/dist/utils/isDirectiveDefined.js
node_modules/apollo-server-core/dist/utils/isNodeLike.js
node_modules/apollo-server-core/dist/utils/runtimeSupportsUploads.js
node_modules/apollo-server-core/dist/utils/schemaHash.js
node_modules/apollo-server-core/dist/utils/schemaInstrumentation.js
node_modules/apollo-server-core/package.json
node_modules/apollo-server-env/dist/index.js
node_modules/apollo-server-env/dist/polyfills/Object.entries.js
node_modules/apollo-server-env/dist/polyfills/Object.values.js
node_modules/apollo-server-env/dist/polyfills/fetch.js
node_modules/apollo-server-env/dist/polyfills/url.js
node_modules/apollo-server-env/dist/utils/runtimeSupportsPromisify.js
node_modules/apollo-server-env/package.json
node_modules/apollo-server-errors/dist/index.js
node_modules/apollo-server-errors/package.json
node_modules/apollo-server-micro/dist/ApolloServer.js
node_modules/apollo-server-micro/dist/index.js
node_modules/apollo-server-micro/dist/microApollo.js
node_modules/apollo-server-micro/package.json
node_modules/apollo-server-types/dist/index.js
node_modules/apollo-server-types/package.json
node_modules/apollo-tracing/dist/index.js
node_modules/apollo-tracing/package.json
node_modules/apollo-utilities/lib/bundle.cjs.js
node_modules/apollo-utilities/node_modules/tslib/package.json
node_modules/apollo-utilities/node_modules/tslib/tslib.js
node_modules/apollo-utilities/package.json
node_modules/async-limiter/index.js
node_modules/async-limiter/package.json
node_modules/async-retry/lib/index.js
node_modules/async-retry/package.json
node_modules/backo2/index.js
node_modules/backo2/package.json
node_modules/balanced-match/index.js
node_modules/balanced-match/package.json
node_modules/boom/lib/index.js
node_modules/boom/package.json
node_modules/brace-expansion/index.js
node_modules/brace-expansion/package.json
node_modules/busboy/deps/encoding/encoding-indexes.js
node_modules/busboy/deps/encoding/encoding.js
node_modules/busboy/lib/main.js
node_modules/busboy/lib/types/multipart.js
node_modules/busboy/lib/types/urlencoded.js
node_modules/busboy/lib/utils.js
node_modules/busboy/package.json
node_modules/bytes/index.js
node_modules/bytes/package.json
node_modules/call-bind/callBound.js
node_modules/call-bind/index.js
node_modules/call-bind/package.json
node_modules/camelcase/index.js
node_modules/camelcase/package.json
node_modules/concat-map/index.js
node_modules/concat-map/package.json
node_modules/content-type/index.js
node_modules/content-type/package.json
node_modules/core-js-pure/es/array/flat.js
node_modules/core-js-pure/features/array/flat.js
node_modules/core-js-pure/internals/a-function.js
node_modules/core-js-pure/internals/add-to-unscopables.js
node_modules/core-js-pure/internals/an-object.js
node_modules/core-js-pure/internals/array-species-create.js
node_modules/core-js-pure/internals/classof-raw.js
node_modules/core-js-pure/internals/create-non-enumerable-property.js
node_modules/core-js-pure/internals/create-property-descriptor.js
node_modules/core-js-pure/internals/descriptors.js
node_modules/core-js-pure/internals/document-create-element.js
node_modules/core-js-pure/internals/engine-user-agent.js
node_modules/core-js-pure/internals/engine-v8-version.js
node_modules/core-js-pure/internals/entry-unbind.js
node_modules/core-js-pure/internals/export.js
node_modules/core-js-pure/internals/fails.js
node_modules/core-js-pure/internals/flatten-into-array.js
node_modules/core-js-pure/internals/function-bind-context.js
node_modules/core-js-pure/internals/get-built-in.js
node_modules/core-js-pure/internals/global.js
node_modules/core-js-pure/internals/has.js
node_modules/core-js-pure/internals/ie8-dom-define.js
node_modules/core-js-pure/internals/indexed-object.js
node_modules/core-js-pure/internals/is-array.js
node_modules/core-js-pure/internals/is-forced.js
node_modules/core-js-pure/internals/is-object.js
node_modules/core-js-pure/internals/is-pure.js
node_modules/core-js-pure/internals/native-symbol.js
node_modules/core-js-pure/internals/object-define-property.js
node_modules/core-js-pure/internals/object-get-own-property-descriptor.js
node_modules/core-js-pure/internals/object-property-is-enumerable.js
node_modules/core-js-pure/internals/path.js
node_modules/core-js-pure/internals/require-object-coercible.js
node_modules/core-js-pure/internals/set-global.js
node_modules/core-js-pure/internals/shared-store.js
node_modules/core-js-pure/internals/shared.js
node_modules/core-js-pure/internals/to-indexed-object.js
node_modules/core-js-pure/internals/to-integer.js
node_modules/core-js-pure/internals/to-length.js
node_modules/core-js-pure/internals/to-object.js
node_modules/core-js-pure/internals/to-primitive.js
node_modules/core-js-pure/internals/uid.js
node_modules/core-js-pure/internals/use-symbol-as-uid.js
node_modules/core-js-pure/internals/well-known-symbol.js
node_modules/core-js-pure/modules/es.array.flat.js
node_modules/core-js-pure/modules/es.array.unscopables.flat.js
node_modules/core-js-pure/package.json
node_modules/core-js/es/array/flat-map.js
node_modules/core-js/es/array/flat.js
node_modules/core-js/es/object/from-entries.js
node_modules/core-js/features/array/flat-map.js
node_modules/core-js/features/array/flat.js
node_modules/core-js/features/object/from-entries.js
node_modules/core-js/internals/a-function.js
node_modules/core-js/internals/a-possible-prototype.js
node_modules/core-js/internals/add-to-unscopables.js
node_modules/core-js/internals/an-object.js
node_modules/core-js/internals/array-includes.js
node_modules/core-js/internals/array-species-create.js
node_modules/core-js/internals/classof-raw.js
node_modules/core-js/internals/classof.js
node_modules/core-js/internals/copy-constructor-properties.js
node_modules/core-js/internals/correct-prototype-getter.js
node_modules/core-js/internals/create-iterator-constructor.js
node_modules/core-js/internals/create-non-enumerable-property.js
node_modules/core-js/internals/create-property-descriptor.js
node_modules/core-js/internals/create-property.js
node_modules/core-js/internals/define-iterator.js
node_modules/core-js/internals/descriptors.js
node_modules/core-js/internals/document-create-element.js
node_modules/core-js/internals/engine-user-agent.js
node_modules/core-js/internals/engine-v8-version.js
node_modules/core-js/internals/entry-unbind.js
node_modules/core-js/internals/enum-bug-keys.js
node_modules/core-js/internals/export.js
node_modules/core-js/internals/fails.js
node_modules/core-js/internals/flatten-into-array.js
node_modules/core-js/internals/function-bind-context.js
node_modules/core-js/internals/get-built-in.js
node_modules/core-js/internals/get-iterator-method.js
node_modules/core-js/internals/global.js
node_modules/core-js/internals/has.js
node_modules/core-js/internals/hidden-keys.js
node_modules/core-js/internals/html.js
node_modules/core-js/internals/ie8-dom-define.js
node_modules/core-js/internals/indexed-object.js
node_modules/core-js/internals/inspect-source.js
node_modules/core-js/internals/internal-state.js
node_modules/core-js/internals/is-array-iterator-method.js
node_modules/core-js/internals/is-array.js
node_modules/core-js/internals/is-forced.js
node_modules/core-js/internals/is-object.js
node_modules/core-js/internals/is-pure.js
node_modules/core-js/internals/iterate.js
node_modules/core-js/internals/iterator-close.js
node_modules/core-js/internals/iterators-core.js
node_modules/core-js/internals/iterators.js
node_modules/core-js/internals/native-symbol.js
node_modules/core-js/internals/native-weak-map.js
node_modules/core-js/internals/object-create.js
node_modules/core-js/internals/object-define-properties.js
node_modules/core-js/internals/object-define-property.js
node_modules/core-js/internals/object-get-own-property-descriptor.js
node_modules/core-js/internals/object-get-own-property-names.js
node_modules/core-js/internals/object-get-own-property-symbols.js
node_modules/core-js/internals/object-get-prototype-of.js
node_modules/core-js/internals/object-keys-internal.js
node_modules/core-js/internals/object-keys.js
node_modules/core-js/internals/object-property-is-enumerable.js
node_modules/core-js/internals/object-set-prototype-of.js
node_modules/core-js/internals/own-keys.js
node_modules/core-js/internals/path.js
node_modules/core-js/internals/redefine.js
node_modules/core-js/internals/require-object-coercible.js
node_modules/core-js/internals/set-global.js
node_modules/core-js/internals/set-to-string-tag.js
node_modules/core-js/internals/shared-key.js
node_modules/core-js/internals/shared-store.js
node_modules/core-js/internals/shared.js
node_modules/core-js/internals/to-absolute-index.js
node_modules/core-js/internals/to-indexed-object.js
node_modules/core-js/internals/to-integer.js
node_modules/core-js/internals/to-length.js
node_modules/core-js/internals/to-object.js
node_modules/core-js/internals/to-primitive.js
node_modules/core-js/internals/to-string-tag-support.js
node_modules/core-js/internals/uid.js
node_modules/core-js/internals/use-symbol-as-uid.js
node_modules/core-js/internals/well-known-symbol.js
node_modules/core-js/modules/es.array.flat-map.js
node_modules/core-js/modules/es.array.flat.js
node_modules/core-js/modules/es.array.iterator.js
node_modules/core-js/modules/es.array.unscopables.flat-map.js
node_modules/core-js/modules/es.array.unscopables.flat.js
node_modules/core-js/modules/es.object.from-entries.js
node_modules/core-js/package.json
node_modules/cssfilter/lib/css.js
node_modules/cssfilter/lib/default.js
node_modules/cssfilter/lib/index.js
node_modules/cssfilter/lib/parser.js
node_modules/cssfilter/lib/util.js
node_modules/cssfilter/package.json
node_modules/dedent/dist/dedent.js
node_modules/dedent/package.json
node_modules/define-properties/index.js
node_modules/define-properties/package.json
node_modules/depd/index.js
node_modules/depd/lib/compat/callsite-tostring.js
node_modules/depd/lib/compat/event-listener-count.js
node_modules/depd/lib/compat/index.js
node_modules/depd/package.json
node_modules/deprecated-decorator/bld/index.js
node_modules/deprecated-decorator/package.json
node_modules/dicer/lib/Dicer.js
node_modules/dicer/lib/HeaderParser.js
node_modules/dicer/lib/PartStream.js
node_modules/dicer/package.json
node_modules/encoding/lib/encoding.js
node_modules/encoding/node_modules/iconv-lite/encodings/dbcs-codec.js
node_modules/encoding/node_modules/iconv-lite/encodings/dbcs-data.js
node_modules/encoding/node_modules/iconv-lite/encodings/index.js
node_modules/encoding/node_modules/iconv-lite/encodings/internal.js
node_modules/encoding/node_modules/iconv-lite/encodings/sbcs-codec.js
node_modules/encoding/node_modules/iconv-lite/encodings/sbcs-data-generated.js
node_modules/encoding/node_modules/iconv-lite/encodings/sbcs-data.js
node_modules/encoding/node_modules/iconv-lite/encodings/tables/big5-added.json
node_modules/encoding/node_modules/iconv-lite/encodings/tables/cp936.json
node_modules/encoding/node_modules/iconv-lite/encodings/tables/cp949.json
node_modules/encoding/node_modules/iconv-lite/encodings/tables/cp950.json
node_modules/encoding/node_modules/iconv-lite/encodings/tables/eucjp.json
node_modules/encoding/node_modules/iconv-lite/encodings/tables/gb18030-ranges.json
node_modules/encoding/node_modules/iconv-lite/encodings/tables/gbk-added.json
node_modules/encoding/node_modules/iconv-lite/encodings/tables/shiftjis.json
node_modules/encoding/node_modules/iconv-lite/encodings/utf16.js
node_modules/encoding/node_modules/iconv-lite/encodings/utf32.js
node_modules/encoding/node_modules/iconv-lite/encodings/utf7.js
node_modules/encoding/node_modules/iconv-lite/lib/bom-handling.js
node_modules/encoding/node_modules/iconv-lite/lib/index.js
node_modules/encoding/node_modules/iconv-lite/lib/streams.js
node_modules/encoding/node_modules/iconv-lite/package.json
node_modules/encoding/package.json
node_modules/endent/lib/index.js
node_modules/endent/package.json
node_modules/es-abstract/2020/CreateDataProperty.js
node_modules/es-abstract/2020/FromPropertyDescriptor.js
node_modules/es-abstract/2020/IsArray.js
node_modules/es-abstract/2020/IsCallable.js
node_modules/es-abstract/2020/IsDataDescriptor.js
node_modules/es-abstract/2020/IsExtensible.js
node_modules/es-abstract/2020/IsPropertyKey.js
node_modules/es-abstract/2020/IsRegExp.js
node_modules/es-abstract/2020/OrdinaryGetOwnProperty.js
node_modules/es-abstract/2020/RequireObjectCoercible.js
node_modules/es-abstract/2020/SameValue.js
node_modules/es-abstract/2020/ToBoolean.js
node_modules/es-abstract/2020/ToObject.js
node_modules/es-abstract/2020/ToPropertyDescriptor.js
node_modules/es-abstract/2020/Type.js
node_modules/es-abstract/5/CheckObjectCoercible.js
node_modules/es-abstract/5/Type.js
node_modules/es-abstract/helpers/DefineOwnProperty.js
node_modules/es-abstract/helpers/assertRecord.js
node_modules/es-abstract/helpers/getOwnPropertyDescriptor.js
node_modules/es-abstract/helpers/isNaN.js
node_modules/es-abstract/helpers/isPrimitive.js
node_modules/es-abstract/package.json
node_modules/eventemitter3/index.js
node_modules/eventemitter3/package.json
node_modules/fast-json-parse/package.json
node_modules/fast-json-parse/parse.js
node_modules/fast-json-stable-stringify/index.js
node_modules/fast-json-stable-stringify/package.json
node_modules/for-each/index.js
node_modules/for-each/package.json
node_modules/fs-capacitor/lib/index.js
node_modules/fs-capacitor/package.json
node_modules/fs-jetpack/lib/append.js
node_modules/fs-jetpack/lib/copy.js
node_modules/fs-jetpack/lib/dir.js
node_modules/fs-jetpack/lib/exists.js
node_modules/fs-jetpack/lib/file.js
node_modules/fs-jetpack/lib/find.js
node_modules/fs-jetpack/lib/inspect.js
node_modules/fs-jetpack/lib/inspect_tree.js
node_modules/fs-jetpack/lib/jetpack.js
node_modules/fs-jetpack/lib/list.js
node_modules/fs-jetpack/lib/move.js
node_modules/fs-jetpack/lib/read.js
node_modules/fs-jetpack/lib/remove.js
node_modules/fs-jetpack/lib/rename.js
node_modules/fs-jetpack/lib/streams.js
node_modules/fs-jetpack/lib/symlink.js
node_modules/fs-jetpack/lib/tmp_dir.js
node_modules/fs-jetpack/lib/utils/fs.js
node_modules/fs-jetpack/lib/utils/matcher.js
node_modules/fs-jetpack/lib/utils/mode.js
node_modules/fs-jetpack/lib/utils/promisify.js
node_modules/fs-jetpack/lib/utils/tree_walker.js
node_modules/fs-jetpack/lib/utils/validate.js
node_modules/fs-jetpack/lib/write.js
node_modules/fs-jetpack/main.js
node_modules/fs-jetpack/package.json
node_modules/fs.realpath/index.js
node_modules/fs.realpath/old.js
node_modules/fs.realpath/package.json
node_modules/function-bind/implementation.js
node_modules/function-bind/index.js
node_modules/function-bind/package.json
node_modules/get-intrinsic/index.js
node_modules/get-intrinsic/package.json
node_modules/glob/common.js
node_modules/glob/glob.js
node_modules/glob/package.json
node_modules/glob/sync.js
node_modules/graphql-extensions/dist/index.js
node_modules/graphql-extensions/package.json
node_modules/graphql-tag/lib/graphql-tag.umd.js
node_modules/graphql-tag/main.js
node_modules/graphql-tag/package.json
node_modules/graphql-tools/dist/generate/SchemaError.js
node_modules/graphql-tools/dist/generate/addResolveFunctionsToSchema.js
node_modules/graphql-tools/dist/generate/addSchemaLevelResolveFunction.js
node_modules/graphql-tools/dist/generate/assertResolveFunctionsPresent.js
node_modules/graphql-tools/dist/generate/attachConnectorsToContext.js
node_modules/graphql-tools/dist/generate/attachDirectiveResolvers.js
node_modules/graphql-tools/dist/generate/buildSchemaFromTypeDefinitions.js
node_modules/graphql-tools/dist/generate/chainResolvers.js
node_modules/graphql-tools/dist/generate/checkForResolveTypeResolver.js
node_modules/graphql-tools/dist/generate/concatenateTypeDefs.js
node_modules/graphql-tools/dist/generate/decorateWithLogger.js
node_modules/graphql-tools/dist/generate/extendResolversFromInterfaces.js
node_modules/graphql-tools/dist/generate/extractExtensionDefinitions.js
node_modules/graphql-tools/dist/generate/filterExtensionDefinitions.js
node_modules/graphql-tools/dist/generate/forEachField.js
node_modules/graphql-tools/dist/generate/index.js
node_modules/graphql-tools/dist/implementsAbstractType.js
node_modules/graphql-tools/dist/index.js
node_modules/graphql-tools/dist/isEmptyObject.js
node_modules/graphql-tools/dist/isSpecifiedScalarType.js
node_modules/graphql-tools/dist/makeExecutableSchema.js
node_modules/graphql-tools/dist/mergeDeep.js
node_modules/graphql-tools/dist/mock.js
node_modules/graphql-tools/dist/schemaVisitor.js
node_modules/graphql-tools/dist/stitching/defaultMergedResolver.js
node_modules/graphql-tools/dist/stitching/delegateToSchema.js
node_modules/graphql-tools/dist/stitching/errors.js
node_modules/graphql-tools/dist/stitching/getResponseKeyFromInfo.js
node_modules/graphql-tools/dist/stitching/index.js
node_modules/graphql-tools/dist/stitching/introspectSchema.js
node_modules/graphql-tools/dist/stitching/linkToFetcher.js
node_modules/graphql-tools/dist/stitching/makeRemoteExecutableSchema.js
node_modules/graphql-tools/dist/stitching/mapAsyncIterator.js
node_modules/graphql-tools/dist/stitching/mergeSchemas.js
node_modules/graphql-tools/dist/stitching/observableToAsyncIterable.js
node_modules/graphql-tools/dist/stitching/resolveFromParentTypename.js
node_modules/graphql-tools/dist/stitching/resolvers.js
node_modules/graphql-tools/dist/stitching/schemaRecreation.js
node_modules/graphql-tools/dist/stitching/typeFromAST.js
node_modules/graphql-tools/dist/transforms/AddArgumentsAsVariables.js
node_modules/graphql-tools/dist/transforms/AddTypenameToAbstract.js
node_modules/graphql-tools/dist/transforms/CheckResultAndHandleErrors.js
node_modules/graphql-tools/dist/transforms/ConvertEnumResponse.js
node_modules/graphql-tools/dist/transforms/ConvertEnumValues.js
node_modules/graphql-tools/dist/transforms/ExpandAbstractTypes.js
node_modules/graphql-tools/dist/transforms/ExtractField.js
node_modules/graphql-tools/dist/transforms/FilterRootFields.js
node_modules/graphql-tools/dist/transforms/FilterToSchema.js
node_modules/graphql-tools/dist/transforms/FilterTypes.js
node_modules/graphql-tools/dist/transforms/RenameRootFields.js
node_modules/graphql-tools/dist/transforms/RenameTypes.js
node_modules/graphql-tools/dist/transforms/ReplaceFieldWithFragment.js
node_modules/graphql-tools/dist/transforms/TransformRootFields.js
node_modules/graphql-tools/dist/transforms/WrapQuery.js
node_modules/graphql-tools/dist/transforms/index.js
node_modules/graphql-tools/dist/transforms/transformSchema.js
node_modules/graphql-tools/dist/transforms/transforms.js
node_modules/graphql-tools/dist/transforms/visitSchema.js
node_modules/graphql-tools/node_modules/uuid/index.js
node_modules/graphql-tools/node_modules/uuid/lib/bytesToUuid.js
node_modules/graphql-tools/node_modules/uuid/lib/rng.js
node_modules/graphql-tools/node_modules/uuid/package.json
node_modules/graphql-tools/node_modules/uuid/v1.js
node_modules/graphql-tools/node_modules/uuid/v4.js
node_modules/graphql-tools/package.json
node_modules/graphql/error/GraphQLError.js
node_modules/graphql/error/formatError.js
node_modules/graphql/error/index.js
node_modules/graphql/error/locatedError.js
node_modules/graphql/error/syntaxError.js
node_modules/graphql/execution/execute.js
node_modules/graphql/execution/index.js
node_modules/graphql/execution/values.js
node_modules/graphql/graphql.js
node_modules/graphql/index.js
node_modules/graphql/jsutils/Path.js
node_modules/graphql/jsutils/defineInspect.js
node_modules/graphql/jsutils/devAssert.js
node_modules/graphql/jsutils/didYouMean.js
node_modules/graphql/jsutils/identityFunc.js
node_modules/graphql/jsutils/inspect.js
node_modules/graphql/jsutils/instanceOf.js
node_modules/graphql/jsutils/invariant.js
node_modules/graphql/jsutils/isAsyncIterable.js
node_modules/graphql/jsutils/isObjectLike.js
node_modules/graphql/jsutils/isPromise.js
node_modules/graphql/jsutils/keyMap.js
node_modules/graphql/jsutils/keyValMap.js
node_modules/graphql/jsutils/mapValue.js
node_modules/graphql/jsutils/memoize3.js
node_modules/graphql/jsutils/naturalCompare.js
node_modules/graphql/jsutils/nodejsCustomInspectSymbol.js
node_modules/graphql/jsutils/printPathArray.js
node_modules/graphql/jsutils/promiseForObject.js
node_modules/graphql/jsutils/promiseReduce.js
node_modules/graphql/jsutils/safeArrayFrom.js
node_modules/graphql/jsutils/suggestionList.js
node_modules/graphql/jsutils/toObjMap.js
node_modules/graphql/language/ast.js
node_modules/graphql/language/blockString.js
node_modules/graphql/language/directiveLocation.js
node_modules/graphql/language/index.js
node_modules/graphql/language/kinds.js
node_modules/graphql/language/lexer.js
node_modules/graphql/language/location.js
node_modules/graphql/language/parser.js
node_modules/graphql/language/predicates.js
node_modules/graphql/language/printLocation.js
node_modules/graphql/language/printer.js
node_modules/graphql/language/source.js
node_modules/graphql/language/tokenKind.js
node_modules/graphql/language/visitor.js
node_modules/graphql/package.json
node_modules/graphql/polyfills/arrayFrom.js
node_modules/graphql/polyfills/find.js
node_modules/graphql/polyfills/isFinite.js
node_modules/graphql/polyfills/isInteger.js
node_modules/graphql/polyfills/objectEntries.js
node_modules/graphql/polyfills/objectValues.js
node_modules/graphql/polyfills/symbols.js
node_modules/graphql/subscription/index.js
node_modules/graphql/subscription/mapAsyncIterator.js
node_modules/graphql/subscription/subscribe.js
node_modules/graphql/type/definition.js
node_modules/graphql/type/directives.js
node_modules/graphql/type/index.js
node_modules/graphql/type/introspection.js
node_modules/graphql/type/scalars.js
node_modules/graphql/type/schema.js
node_modules/graphql/type/validate.js
node_modules/graphql/utilities/TypeInfo.js
node_modules/graphql/utilities/assertValidName.js
node_modules/graphql/utilities/astFromValue.js
node_modules/graphql/utilities/buildASTSchema.js
node_modules/graphql/utilities/buildClientSchema.js
node_modules/graphql/utilities/coerceInputValue.js
node_modules/graphql/utilities/concatAST.js
node_modules/graphql/utilities/extendSchema.js
node_modules/graphql/utilities/findBreakingChanges.js
node_modules/graphql/utilities/findDeprecatedUsages.js
node_modules/graphql/utilities/getIntrospectionQuery.js
node_modules/graphql/utilities/getOperationAST.js
node_modules/graphql/utilities/getOperationRootType.js
node_modules/graphql/utilities/index.js
node_modules/graphql/utilities/introspectionFromSchema.js
node_modules/graphql/utilities/lexicographicSortSchema.js
node_modules/graphql/utilities/printSchema.js
node_modules/graphql/utilities/separateOperations.js
node_modules/graphql/utilities/stripIgnoredCharacters.js
node_modules/graphql/utilities/typeComparators.js
node_modules/graphql/utilities/typeFromAST.js
node_modules/graphql/utilities/valueFromAST.js
node_modules/graphql/utilities/valueFromASTUntyped.js
node_modules/graphql/validation/ValidationContext.js
node_modules/graphql/validation/index.js
node_modules/graphql/validation/rules/ExecutableDefinitionsRule.js
node_modules/graphql/validation/rules/FieldsOnCorrectTypeRule.js
node_modules/graphql/validation/rules/FragmentsOnCompositeTypesRule.js
node_modules/graphql/validation/rules/KnownArgumentNamesRule.js
node_modules/graphql/validation/rules/KnownDirectivesRule.js
node_modules/graphql/validation/rules/KnownFragmentNamesRule.js
node_modules/graphql/validation/rules/KnownTypeNamesRule.js
node_modules/graphql/validation/rules/LoneAnonymousOperationRule.js
node_modules/graphql/validation/rules/LoneSchemaDefinitionRule.js
node_modules/graphql/validation/rules/NoFragmentCyclesRule.js
node_modules/graphql/validation/rules/NoUndefinedVariablesRule.js
node_modules/graphql/validation/rules/NoUnusedFragmentsRule.js
node_modules/graphql/validation/rules/NoUnusedVariablesRule.js
node_modules/graphql/validation/rules/OverlappingFieldsCanBeMergedRule.js
node_modules/graphql/validation/rules/PossibleFragmentSpreadsRule.js
node_modules/graphql/validation/rules/PossibleTypeExtensions.js
node_modules/graphql/validation/rules/PossibleTypeExtensionsRule.js
node_modules/graphql/validation/rules/ProvidedRequiredArgumentsRule.js
node_modules/graphql/validation/rules/ScalarLeafsRule.js
node_modules/graphql/validation/rules/SingleFieldSubscriptionsRule.js
node_modules/graphql/validation/rules/UniqueArgumentNamesRule.js
node_modules/graphql/validation/rules/UniqueDirectiveNamesRule.js
node_modules/graphql/validation/rules/UniqueDirectivesPerLocationRule.js
node_modules/graphql/validation/rules/UniqueEnumValueNamesRule.js
node_modules/graphql/validation/rules/UniqueFieldDefinitionNamesRule.js
node_modules/graphql/validation/rules/UniqueFragmentNamesRule.js
node_modules/graphql/validation/rules/UniqueInputFieldNamesRule.js
node_modules/graphql/validation/rules/UniqueOperationNamesRule.js
node_modules/graphql/validation/rules/UniqueOperationTypesRule.js
node_modules/graphql/validation/rules/UniqueTypeNamesRule.js
node_modules/graphql/validation/rules/UniqueVariableNamesRule.js
node_modules/graphql/validation/rules/ValuesOfCorrectTypeRule.js
node_modules/graphql/validation/rules/VariablesAreInputTypesRule.js
node_modules/graphql/validation/rules/VariablesInAllowedPositionRule.js
node_modules/graphql/validation/rules/custom/NoDeprecatedCustomRule.js
node_modules/graphql/validation/rules/custom/NoSchemaIntrospectionCustomRule.js
node_modules/graphql/validation/specifiedRules.js
node_modules/graphql/validation/validate.js
node_modules/graphql/version.js
node_modules/has-flag/index.js
node_modules/has-flag/package.json
node_modules/has-symbols/index.js
node_modules/has-symbols/package.json
node_modules/has-symbols/shams.js
node_modules/has/package.json
node_modules/has/src/index.js
node_modules/hoek/lib/deep-equal.js
node_modules/hoek/lib/escape.js
node_modules/hoek/lib/index.js
node_modules/hoek/package.json
node_modules/http-errors/index.js
node_modules/http-errors/package.json
node_modules/iconv-lite/encodings/dbcs-codec.js
node_modules/iconv-lite/encodings/dbcs-data.js
node_modules/iconv-lite/encodings/index.js
node_modules/iconv-lite/encodings/internal.js
node_modules/iconv-lite/encodings/sbcs-codec.js
node_modules/iconv-lite/encodings/sbcs-data-generated.js
node_modules/iconv-lite/encodings/sbcs-data.js
node_modules/iconv-lite/encodings/tables/big5-added.json
node_modules/iconv-lite/encodings/tables/cp936.json
node_modules/iconv-lite/encodings/tables/cp949.json
node_modules/iconv-lite/encodings/tables/cp950.json
node_modules/iconv-lite/encodings/tables/eucjp.json
node_modules/iconv-lite/encodings/tables/gb18030-ranges.json
node_modules/iconv-lite/encodings/tables/gbk-added.json
node_modules/iconv-lite/encodings/tables/shiftjis.json
node_modules/iconv-lite/encodings/utf16.js
node_modules/iconv-lite/encodings/utf7.js
node_modules/iconv-lite/lib/bom-handling.js
node_modules/iconv-lite/lib/extend-node.js
node_modules/iconv-lite/lib/index.js
node_modules/iconv-lite/lib/streams.js
node_modules/iconv-lite/package.json
node_modules/inflight/inflight.js
node_modules/inflight/package.json
node_modules/inherits/inherits.js
node_modules/inherits/inherits_browser.js
node_modules/inherits/package.json
node_modules/is-callable/index.js
node_modules/is-callable/package.json
node_modules/is-regex/index.js
node_modules/is-regex/package.json
node_modules/is-stream/index.js
node_modules/is-stream/package.json
node_modules/iterall/index.js
node_modules/iterall/package.json
node_modules/lodash.sortby/index.js
node_modules/lodash.sortby/package.json
node_modules/lodash/lodash.js
node_modules/lodash/package.json
node_modules/loglevel/lib/loglevel.js
node_modules/loglevel/package.json
node_modules/lru-cache/index.js
node_modules/lru-cache/package.json
node_modules/micro/lib/index.js
node_modules/micro/package.json
node_modules/minimatch/minimatch.js
node_modules/minimatch/package.json
node_modules/nexus-plugin-prisma/dist/builder.js
node_modules/nexus-plugin-prisma/dist/colors.js
node_modules/nexus-plugin-prisma/dist/constraints.js
node_modules/nexus-plugin-prisma/dist/dmmf/DmmfDocument.js
node_modules/nexus-plugin-prisma/dist/dmmf/DmmfTypes.js
node_modules/nexus-plugin-prisma/dist/dmmf/helpers.js
node_modules/nexus-plugin-prisma/dist/dmmf/index.js
node_modules/nexus-plugin-prisma/dist/dmmf/transformer.js
node_modules/nexus-plugin-prisma/dist/dmmf/utils.js
node_modules/nexus-plugin-prisma/dist/graphql.js
node_modules/nexus-plugin-prisma/dist/hooks.js
node_modules/nexus-plugin-prisma/dist/index.js
node_modules/nexus-plugin-prisma/dist/is-dev-mode.js
node_modules/nexus-plugin-prisma/dist/mapping.js
node_modules/nexus-plugin-prisma/dist/naming-strategies.js
node_modules/nexus-plugin-prisma/dist/null.js
node_modules/nexus-plugin-prisma/dist/pagination/index.js
node_modules/nexus-plugin-prisma/dist/pagination/prisma.js
node_modules/nexus-plugin-prisma/dist/pagination/relay.js
node_modules/nexus-plugin-prisma/dist/plugin.js
node_modules/nexus-plugin-prisma/dist/proxifier.js
node_modules/nexus-plugin-prisma/dist/publisher.js
node_modules/nexus-plugin-prisma/dist/typegen/helpers.js
node_modules/nexus-plugin-prisma/dist/typegen/index.js
node_modules/nexus-plugin-prisma/dist/typegen/render.js
node_modules/nexus-plugin-prisma/dist/utils.js
node_modules/nexus-plugin-prisma/node_modules/semver/classes/comparator.js
node_modules/nexus-plugin-prisma/node_modules/semver/classes/range.js
node_modules/nexus-plugin-prisma/node_modules/semver/classes/semver.js
node_modules/nexus-plugin-prisma/node_modules/semver/functions/clean.js
node_modules/nexus-plugin-prisma/node_modules/semver/functions/cmp.js
node_modules/nexus-plugin-prisma/node_modules/semver/functions/coerce.js
node_modules/nexus-plugin-prisma/node_modules/semver/functions/compare-build.js
node_modules/nexus-plugin-prisma/node_modules/semver/functions/compare-loose.js
node_modules/nexus-plugin-prisma/node_modules/semver/functions/compare.js
node_modules/nexus-plugin-prisma/node_modules/semver/functions/diff.js
node_modules/nexus-plugin-prisma/node_modules/semver/functions/eq.js
node_modules/nexus-plugin-prisma/node_modules/semver/functions/gt.js
node_modules/nexus-plugin-prisma/node_modules/semver/functions/gte.js
node_modules/nexus-plugin-prisma/node_modules/semver/functions/inc.js
node_modules/nexus-plugin-prisma/node_modules/semver/functions/lt.js
node_modules/nexus-plugin-prisma/node_modules/semver/functions/lte.js
node_modules/nexus-plugin-prisma/node_modules/semver/functions/major.js
node_modules/nexus-plugin-prisma/node_modules/semver/functions/minor.js
node_modules/nexus-plugin-prisma/node_modules/semver/functions/neq.js
node_modules/nexus-plugin-prisma/node_modules/semver/functions/parse.js
node_modules/nexus-plugin-prisma/node_modules/semver/functions/patch.js
node_modules/nexus-plugin-prisma/node_modules/semver/functions/prerelease.js
node_modules/nexus-plugin-prisma/node_modules/semver/functions/rcompare.js
node_modules/nexus-plugin-prisma/node_modules/semver/functions/rsort.js
node_modules/nexus-plugin-prisma/node_modules/semver/functions/satisfies.js
node_modules/nexus-plugin-prisma/node_modules/semver/functions/sort.js
node_modules/nexus-plugin-prisma/node_modules/semver/functions/valid.js
node_modules/nexus-plugin-prisma/node_modules/semver/index.js
node_modules/nexus-plugin-prisma/node_modules/semver/internal/constants.js
node_modules/nexus-plugin-prisma/node_modules/semver/internal/debug.js
node_modules/nexus-plugin-prisma/node_modules/semver/internal/identifiers.js
node_modules/nexus-plugin-prisma/node_modules/semver/internal/parse-options.js
node_modules/nexus-plugin-prisma/node_modules/semver/internal/re.js
node_modules/nexus-plugin-prisma/node_modules/semver/package.json
node_modules/nexus-plugin-prisma/node_modules/semver/preload.js
node_modules/nexus-plugin-prisma/node_modules/semver/ranges/gtr.js
node_modules/nexus-plugin-prisma/node_modules/semver/ranges/intersects.js
node_modules/nexus-plugin-prisma/node_modules/semver/ranges/ltr.js
node_modules/nexus-plugin-prisma/node_modules/semver/ranges/max-satisfying.js
node_modules/nexus-plugin-prisma/node_modules/semver/ranges/min-satisfying.js
node_modules/nexus-plugin-prisma/node_modules/semver/ranges/min-version.js
node_modules/nexus-plugin-prisma/node_modules/semver/ranges/outside.js
node_modules/nexus-plugin-prisma/node_modules/semver/ranges/simplify.js
node_modules/nexus-plugin-prisma/node_modules/semver/ranges/subset.js
node_modules/nexus-plugin-prisma/node_modules/semver/ranges/to-comparators.js
node_modules/nexus-plugin-prisma/node_modules/semver/ranges/valid.js
node_modules/nexus-plugin-prisma/package.json
node_modules/nexus/dist/blocks.js
node_modules/nexus/dist/builder.js
node_modules/nexus/dist/core.js
node_modules/nexus/dist/definitions/_types.js
node_modules/nexus/dist/definitions/args.js
node_modules/nexus/dist/definitions/decorateType.js
node_modules/nexus/dist/definitions/definitionBlocks.js
node_modules/nexus/dist/definitions/enumType.js
node_modules/nexus/dist/definitions/extendInputType.js
node_modules/nexus/dist/definitions/extendType.js
node_modules/nexus/dist/definitions/inputObjectType.js
node_modules/nexus/dist/definitions/interfaceType.js
node_modules/nexus/dist/definitions/list.js
node_modules/nexus/dist/definitions/mutationField.js
node_modules/nexus/dist/definitions/mutationType.js
node_modules/nexus/dist/definitions/nonNull.js
node_modules/nexus/dist/definitions/nullable.js
node_modules/nexus/dist/definitions/objectType.js
node_modules/nexus/dist/definitions/queryField.js
node_modules/nexus/dist/definitions/queryType.js
node_modules/nexus/dist/definitions/scalarType.js
node_modules/nexus/dist/definitions/subscriptionField.js
node_modules/nexus/dist/definitions/subscriptionType.js
node_modules/nexus/dist/definitions/unionType.js
node_modules/nexus/dist/definitions/wrapping.js
node_modules/nexus/dist/dynamicMethod.js
node_modules/nexus/dist/dynamicProperty.js
node_modules/nexus/dist/extensions.js
node_modules/nexus/dist/index.js
node_modules/nexus/dist/lang.js
node_modules/nexus/dist/messages.js
node_modules/nexus/dist/plugin.js
node_modules/nexus/dist/plugins/connectionPlugin.js
node_modules/nexus/dist/plugins/declarativeWrappingPlugin.js
node_modules/nexus/dist/plugins/fieldAuthorizePlugin.js
node_modules/nexus/dist/plugins/index.js
node_modules/nexus/dist/plugins/nullabilityGuardPlugin.js
node_modules/nexus/dist/plugins/queryComplexityPlugin.js
node_modules/nexus/dist/sdlConverter.js
node_modules/nexus/dist/typegenAbstractTypes.js
node_modules/nexus/dist/typegenAutoConfig.js
node_modules/nexus/dist/typegenFormatPrettier.js
node_modules/nexus/dist/typegenMetadata.js
node_modules/nexus/dist/typegenPrinter.js
node_modules/nexus/dist/typegenTypeHelpers.js
node_modules/nexus/dist/typegenUtils.js
node_modules/nexus/dist/utils.js
node_modules/nexus/package.json
node_modules/node-fetch/lib/index.js
node_modules/node-fetch/package.json
node_modules/object-keys/implementation.js
node_modules/object-keys/index.js
node_modules/object-keys/isArguments.js
node_modules/object-keys/package.json
node_modules/object-path/index.js
node_modules/object-path/package.json
node_modules/object.getownpropertydescriptors/implementation.js
node_modules/object.getownpropertydescriptors/index.js
node_modules/object.getownpropertydescriptors/package.json
node_modules/object.getownpropertydescriptors/polyfill.js
node_modules/object.getownpropertydescriptors/shim.js
node_modules/objectorarray/index.js
node_modules/objectorarray/package.json
node_modules/once/once.js
node_modules/once/package.json
node_modules/path-is-absolute/index.js
node_modules/path-is-absolute/package.json
node_modules/pluralize/package.json
node_modules/pluralize/pluralize.js
node_modules/prisma/build/index.js
node_modules/prisma/build/xdg-open
node_modules/prisma/package.json
node_modules/raw-body/index.js
node_modules/raw-body/node_modules/depd/index.js
node_modules/raw-body/node_modules/depd/lib/compat/callsite-tostring.js
node_modules/raw-body/node_modules/depd/lib/compat/event-listener-count.js
node_modules/raw-body/node_modules/depd/lib/compat/index.js
node_modules/raw-body/node_modules/depd/package.json
node_modules/raw-body/node_modules/http-errors/index.js
node_modules/raw-body/node_modules/http-errors/package.json
node_modules/raw-body/node_modules/inherits/inherits.js
node_modules/raw-body/node_modules/inherits/inherits_browser.js
node_modules/raw-body/node_modules/inherits/package.json
node_modules/raw-body/node_modules/setprototypeof/index.js
node_modules/raw-body/node_modules/setprototypeof/package.json
node_modules/raw-body/package.json
node_modules/retry/index.js
node_modules/retry/lib/retry.js
node_modules/retry/lib/retry_operation.js
node_modules/retry/package.json
node_modules/rimraf/package.json
node_modules/rimraf/rimraf.js
node_modules/safe-buffer/index.js
node_modules/safe-buffer/package.json
node_modules/safer-buffer/package.json
node_modules/safer-buffer/safer.js
node_modules/setprototypeof/index.js
node_modules/setprototypeof/package.json
node_modules/sha.js/hash.js
node_modules/sha.js/index.js
node_modules/sha.js/package.json
node_modules/sha.js/sha.js
node_modules/sha.js/sha1.js
node_modules/sha.js/sha224.js
node_modules/sha.js/sha256.js
node_modules/sha.js/sha384.js
node_modules/sha.js/sha512.js
node_modules/statuses/codes.json
node_modules/statuses/index.js
node_modules/statuses/package.json
node_modules/streamsearch/lib/sbmh.js
node_modules/streamsearch/package.json
node_modules/string_decoder/lib/string_decoder.js
node_modules/string_decoder/package.json
node_modules/subscriptions-transport-ws/dist/client.js
node_modules/subscriptions-transport-ws/dist/defaults.js
node_modules/subscriptions-transport-ws/dist/index.js
node_modules/subscriptions-transport-ws/dist/legacy/parse-legacy-protocol.js
node_modules/subscriptions-transport-ws/dist/message-types.js
node_modules/subscriptions-transport-ws/dist/protocol.js
node_modules/subscriptions-transport-ws/dist/server.js
node_modules/subscriptions-transport-ws/dist/utils/empty-iterable.js
node_modules/subscriptions-transport-ws/dist/utils/is-object.js
node_modules/subscriptions-transport-ws/dist/utils/is-string.js
node_modules/subscriptions-transport-ws/dist/utils/is-subscriptions.js
node_modules/subscriptions-transport-ws/node_modules/ws/index.js
node_modules/subscriptions-transport-ws/node_modules/ws/lib/buffer-util.js
node_modules/subscriptions-transport-ws/node_modules/ws/lib/constants.js
node_modules/subscriptions-transport-ws/node_modules/ws/lib/event-target.js
node_modules/subscriptions-transport-ws/node_modules/ws/lib/extension.js
node_modules/subscriptions-transport-ws/node_modules/ws/lib/permessage-deflate.js
node_modules/subscriptions-transport-ws/node_modules/ws/lib/receiver.js
node_modules/subscriptions-transport-ws/node_modules/ws/lib/sender.js
node_modules/subscriptions-transport-ws/node_modules/ws/lib/validation.js
node_modules/subscriptions-transport-ws/node_modules/ws/lib/websocket-server.js
node_modules/subscriptions-transport-ws/node_modules/ws/lib/websocket.js
node_modules/subscriptions-transport-ws/node_modules/ws/package.json
node_modules/subscriptions-transport-ws/package.json
node_modules/supports-color/index.js
node_modules/supports-color/package.json
node_modules/symbol-observable/lib/index.js
node_modules/symbol-observable/lib/ponyfill.js
node_modules/symbol-observable/package.json
node_modules/toidentifier/index.js
node_modules/toidentifier/package.json
node_modules/ts-invariant/lib/invariant.js
node_modules/ts-invariant/node_modules/tslib/package.json
node_modules/ts-invariant/node_modules/tslib/tslib.js
node_modules/ts-invariant/package.json
node_modules/tslib/package.json
node_modules/tslib/tslib.js
node_modules/unpipe/index.js
node_modules/unpipe/package.json
node_modules/util.promisify/implementation.js
node_modules/util.promisify/index.js
node_modules/util.promisify/package.json
node_modules/util.promisify/polyfill.js
node_modules/util.promisify/shim.js
node_modules/uuid/dist/index.js
node_modules/uuid/dist/md5.js
node_modules/uuid/dist/nil.js
node_modules/uuid/dist/parse.js
node_modules/uuid/dist/regex.js
node_modules/uuid/dist/rng.js
node_modules/uuid/dist/sha1.js
node_modules/uuid/dist/stringify.js
node_modules/uuid/dist/v1.js
node_modules/uuid/dist/v3.js
node_modules/uuid/dist/v35.js
node_modules/uuid/dist/v4.js
node_modules/uuid/dist/v5.js
node_modules/uuid/dist/validate.js
node_modules/uuid/dist/version.js
node_modules/uuid/package.json
node_modules/wrappy/package.json
node_modules/wrappy/wrappy.js
node_modules/xss/lib/default.js
node_modules/xss/lib/index.js
node_modules/xss/lib/parser.js
node_modules/xss/lib/util.js
node_modules/xss/lib/xss.js
node_modules/xss/package.json
node_modules/yallist/iterator.js
node_modules/yallist/package.json
node_modules/yallist/yallist.js
node_modules/zen-observable-ts/lib/index.js
node_modules/zen-observable-ts/lib/zenObservable.js
node_modules/zen-observable-ts/node_modules/tslib/package.json
node_modules/zen-observable-ts/node_modules/tslib/tslib.js
node_modules/zen-observable-ts/package.json
node_modules/zen-observable/index.js
node_modules/zen-observable/lib/Observable.js
node_modules/zen-observable/package.json
package.json


WARNINGS:
Error: Failed to parse /workspaces/prisma-limit-repro/graphql/context.ts as module:
Unexpected token (1:12)
Error: Failed to parse /workspaces/prisma-limit-repro/generated/typegen-nexus-plugin-prisma.d.ts as module:
Unexpected token (5:5)
Error: Failed to parse /workspaces/prisma-limit-repro/generated/nexus-typegen.ts as module:
Unexpected token (10:8)
Error: Failed to resolve dependency /package.json:
Cannot find module '/package.json' loaded from /workspaces/prisma-limit-repro/node_modules/nexus-plugin-prisma/dist/index.js
Error: Failed to resolve dependency prettier:
Cannot find module 'prettier' loaded from /workspaces/prisma-limit-repro/node_modules/nexus/dist/typegenFormatPrettier.js
Error: Failed to resolve dependency _http_common:
Cannot find module '_http_common' loaded from /workspaces/prisma-limit-repro/node_modules/@prisma/client/runtime/index.js
Error: Failed to resolve dependency bufferutil:
Cannot find module 'bufferutil' loaded from /workspaces/prisma-limit-repro/node_modules/subscriptions-transport-ws/node_modules/ws/lib/buffer-util.js
Error: Failed to resolve dependency utf-8-validate:
Cannot find module 'utf-8-validate' loaded from /workspaces/prisma-limit-repro/node_modules/subscriptions-transport-ws/node_modules/ws/lib/validation.js
Error: Failed to resolve dependency @prisma/sdk:
Cannot find module '@prisma/sdk' loaded from /workspaces/prisma-limit-repro/node_modules/@prisma/client/scripts/get-packed-client.js
Error: Failed to resolve dependency fs-monkey:
Cannot find module 'fs-monkey' loaded from /workspaces/prisma-limit-repro/node_modules/@prisma/client/scripts/mock-fs.js
Error: Failed to resolve dependency _http_common:
Cannot find module '_http_common' loaded from /workspaces/prisma-limit-repro/node_modules/@prisma/client/generator-build/index.js
Error: Failed to parse /workspaces/prisma-limit-repro/node_modules/prisma/build/xdg-open as script:
Unexpected token (1:0)
Error: Failed to parse /workspaces/prisma-limit-repro/node_modules/prisma/build/xdg-open as module:
Unexpected token (1:0)
Error: Failed to resolve dependency _http_common:
Cannot find module '_http_common' loaded from /workspaces/prisma-limit-repro/node_modules/prisma/build/index.js
Error: Failed to resolve dependency /generator-build:
Cannot find module '/generator-build' loaded from /workspaces/prisma-limit-repro/node_modules/prisma/build/index.js
Error: Failed to resolve dependency /runtime:
Cannot find module '/runtime' loaded from /workspaces/prisma-limit-repro/node_modules/prisma/build/index.js
Error: Failed to resolve dependency @prisma/fetch-engine:
Cannot find module '@prisma/fetch-engine' loaded from /workspaces/prisma-limit-repro/node_modules/@prisma/engines/dist/download.js
Error: Failed to resolve dependency @prisma/debug:
Cannot find module '@prisma/debug' loaded from /workspaces/prisma-limit-repro/node_modules/@prisma/engines/dist/download.js
